
Showing logs for build [32mcb-kubecd-environment-pr-187-9-fvrgs-1[0m stage [32mfrom-build-pack[0m and container [32mstep-credential-initializer-89h6h[0m
{"level":"warn","ts":1584772543.0187936,"logger":"fallback-logger","caller":"logging/config.go:69","msg":"Fetch GitHub commit ID from kodata failed: \"ref: refs/heads/0.8.0-**-support-backwards-incompats\" is not a valid GitHub commit ID"}
{"level":"info","ts":1584772543.0196383,"logger":"fallback-logger","caller":"creds-init/main.go:40","msg":"Credentials initialized."}

Showing logs for build [32mcb-kubecd-environment-pr-187-9-fvrgs-1[0m stage [32mfrom-build-pack[0m and container [32mstep-working-dir-initializer-x2584[0m
{"level":"warn","ts":1584772544.399742,"logger":"fallback-logger","caller":"logging/config.go:69","msg":"Fetch GitHub commit ID from kodata failed: open /var/run/ko/HEAD: no such file or directory"}
{"level":"info","ts":1584772544.4011571,"logger":"fallback-logger","caller":"bash/main.go:64","msg":"Successfully executed command \"sh -c mkdir -p /workspace/source\"; output "}

Showing logs for build [32mcb-kubecd-environment-pr-187-9-fvrgs-1[0m stage [32mfrom-build-pack[0m and container [32mstep-place-tools[0m

Showing logs for build [32mcb-kubecd-environment-pr-187-9-fvrgs-1[0m stage [32mfrom-build-pack[0m and container [32mstep-git-source-cb-kubecd-environment-pr-187-9-fvrgs-9zjkt[0m
{"level":"warn","ts":1584772547.5289247,"logger":"fallback-logger","caller":"logging/config.go:69","msg":"Fetch GitHub commit ID from kodata failed: \"ref: refs/heads/0.8.0-**-support-backwards-incompats\" is not a valid GitHub commit ID"}
{"level":"info","ts":1584772548.5781724,"logger":"fallback-logger","caller":"git/git.go:103","msg":"Successfully cloned https://github.com/cb-kubecd/environment-pr-187-9-boot-gke-production.git @ master in path /workspace/source"}

Showing logs for build [32mcb-kubecd-environment-pr-187-9-fvrgs-1[0m stage [32mfrom-build-pack[0m and container [32mstep-git-merge[0m
Using SHAs from PULL_REFS=master:ad40f66a0fd11a7b7ca1db2f97b0e49f4811dd29,1:87cb1df37c9d64f7c0a23c135f90db6fcb39d1bb
DEBUG: JX_LOG_LEVEL=error LC_ALL=C git fetch origin --unshallow 87cb1df37c9d64f7c0a23c135f90db6fcb39d1bb: ad40f66a0fd11a7b7ca1db2f97b0e49f4811dd29:
DEBUG: ran git fetch --unshallow origin 87cb1df37c9d64f7c0a23c135f90db6fcb39d1bb: ad40f66a0fd11a7b7ca1db2f97b0e49f4811dd29: in 
DEBUG: LC_ALL=C JX_LOG_LEVEL=error git branch
DEBUG: LC_ALL=C JX_LOG_LEVEL=error git checkout master
DEBUG: ran git checkout master in 
DEBUG: LC_ALL=C JX_LOG_LEVEL=error git reset --hard ad40f66a0fd11a7b7ca1db2f97b0e49f4811dd29
DEBUG: ran git reset --hard ad40f66a0fd11a7b7ca1db2f97b0e49f4811dd29 in 
DEBUG: LC_ALL=C JX_LOG_LEVEL=error git clean -fd .
DEBUG: ran clean --force -d . in 
DEBUG: LC_ALL=C JX_LOG_LEVEL=error git merge 87cb1df37c9d64f7c0a23c135f90db6fcb39d1bb
DEBUG: ran git merge 87cb1df37c9d64f7c0a23c135f90db6fcb39d1bb in 
DEBUG: LC_ALL=C JX_LOG_LEVEL=error git log --format=%H%x1f%an%x1f%ae%x1f%cn%x1f%ce%x1f%s%n%b%x1e ad40f66a0fd11a7b7ca1db2f97b0e49f4811dd29..HEAD
Merged SHA 87cb1df37c9d64f7c0a23c135f90db6fcb39d1bb with commit message 'chore: Promote bdd-spring-1584771687 to version 0.0.1' into base branch master

Showing logs for build [32mcb-kubecd-environment-pr-187-9-fvrgs-1[0m stage [32mfrom-build-pack[0m and container [32mstep-build-helm-build[0m
WARNING: No $CHART_REPOSITORY defined so using the default value of: http://jenkins-x-chartmuseum:8080
Adding missing Helm repo: storage.googleapis.com https://storage.googleapis.com/chartmuseum.jenkins-x.io
WARNING: No secrets found on "helm/repos" due: reading the secret "helm/repos" from vault: no secret "helm/repos" not found in vault
Read credentials for https://storage.googleapis.com/chartmuseum.jenkins-x.io from vault helm/repos
Successfully added Helm repository storage.googleapis.com.
Adding missing Helm repo: jenkins-x-chartmuseum http://jenkins-x-chartmuseum:8080
WARNING: No secrets found on "helm/repos" due: reading the secret "helm/repos" from vault: no secret "helm/repos" not found in vault
Read credentials for http://jenkins-x-chartmuseum:8080 from vault helm/repos
Successfully added Helm repository jenkins-x-chartmuseum.
WARNING: No $CHART_REPOSITORY defined so using the default value of: http://jenkins-x-chartmuseum:8080
Adding missing Helm repo: chartmuseum.jenkins-x.io http://chartmuseum.jenkins-x.io
WARNING: No secrets found on "helm/repos" due: reading the secret "helm/repos" from vault: no secret "helm/repos" not found in vault
Read credentials for http://chartmuseum.jenkins-x.io from vault helm/repos
Successfully added Helm repository chartmuseum.jenkins-x.io.
